# JRE version: Java(TM) SE Runtime Environment (17.0.7+8) (build 17.0.7+8-LTS-224)
# Java VM: Java HotSpot(TM) 64-Bit Server VM (17.0.7+8-LTS-224, mixed mode, emulated-client, sharing, tiered, compressed oops, compressed class ptrs, g1 gc, windows-amd64)
GC Precious Log:
 CPUs: 8 total, 8 available
 Memory: 8067M
 Large Page Support: Disabled
 NUMA Support: Disabled
 Compressed Oops: Enabled (32-bit)
 Heap Region Size: 1M
 Heap Min Capacity: 8M
 Heap Initial Capacity: 128M
 Heap Max Capacity: 2018M
 Pre-touch: Disabled
 Parallel Workers: 8
 Concurrent Workers: 2
 Concurrent Refinement Workers: 8
 Periodic GC: Disabled
Heap:
 garbage-first heap   total 131072K, used 32348K [0x0000000081e00000, 0x0000000100000000)
  region size 1024K, 5 young (5120K), 5 survivors (5120K)
 Metaspace       used 62958K, committed 63488K, reserved 1105920K
  class space    used 9477K, committed 9728K, reserved 1048576K
GC Heap History (20 events):
Event: 4.456 GC heap after
{Heap after GC invocations=8 (full 0):
 garbage-first heap   total 51200K, used 17891K [0x0000000081e00000, 0x0000000100000000)
  region size 1024K, 3 young (3072K), 3 survivors (3072K)
 Metaspace       used 26649K, committed 27008K, reserved 1073152K
  class space    used 3777K, committed 3968K, reserved 1048576K
}
Event: 4.831 GC heap before
{Heap before GC invocations=8 (full 0):
 garbage-first heap   total 51200K, used 37347K [0x0000000081e00000, 0x0000000100000000)
  region size 1024K, 22 young (22528K), 3 survivors (3072K)
 Metaspace       used 29184K, committed 29504K, reserved 1081344K
  class space    used 4211K, committed 4352K, reserved 1048576K
}
Event: 4.835 GC heap after
{Heap after GC invocations=9 (full 0):
 garbage-first heap   total 51200K, used 19706K [0x0000000081e00000, 0x0000000100000000)
  region size 1024K, 3 young (3072K), 3 survivors (3072K)
 Metaspace       used 29184K, committed 29504K, reserved 1081344K
  class space    used 4211K, committed 4352K, reserved 1048576K
}
Event: 5.152 GC heap before
{Heap before GC invocations=9 (full 0):
 garbage-first heap   total 51200K, used 38138K [0x0000000081e00000, 0x0000000100000000)
  region size 1024K, 21 young (21504K), 3 survivors (3072K)
 Metaspace       used 31656K, committed 32128K, reserved 1081344K
  class space    used 4502K, committed 4736K, reserved 1048576K
}
Event: 5.157 GC heap after
{Heap after GC invocations=10 (full 0):
 garbage-first heap   total 76800K, used 21833K [0x0000000081e00000, 0x0000000100000000)
  region size 1024K, 2 young (2048K), 2 survivors (2048K)
 Metaspace       used 31656K, committed 32128K, reserved 1081344K
  class space    used 4502K, committed 4736K, reserved 1048576K
}
Event: 5.659 GC heap before
{Heap before GC invocations=10 (full 0):
 garbage-first heap   total 76800K, used 49481K [0x0000000081e00000, 0x0000000100000000)
  region size 1024K, 30 young (30720K), 2 survivors (2048K)
 Metaspace       used 35704K, committed 36096K, reserved 1081344K
  class space    used 5108K, committed 5312K, reserved 1048576K
}
Event: 5.663 GC heap after
{Heap after GC invocations=11 (full 0):
 garbage-first heap   total 76800K, used 23263K [0x0000000081e00000, 0x0000000100000000)
  region size 1024K, 4 young (4096K), 4 survivors (4096K)
 Metaspace       used 35704K, committed 36096K, reserved 1081344K
  class space    used 5108K, committed 5312K, reserved 1048576K
}
Event: 6.375 GC heap before
{Heap before GC invocations=12 (full 0):
 garbage-first heap   total 76800K, used 58079K [0x0000000081e00000, 0x0000000100000000)
  region size 1024K, 38 young (38912K), 4 survivors (4096K)
 Metaspace       used 43837K, committed 44352K, reserved 1089536K
  class space    used 6280K, committed 6528K, reserved 1048576K
}
Event: 6.380 GC heap after
{Heap after GC invocations=13 (full 0):
 garbage-first heap   total 76800K, used 25526K [0x0000000081e00000, 0x0000000100000000)
  region size 1024K, 4 young (4096K), 4 survivors (4096K)
 Metaspace       used 43837K, committed 44352K, reserved 1089536K
  class space    used 6280K, committed 6528K, reserved 1048576K
}
Event: 6.397 GC heap before
{Heap before GC invocations=13 (full 0):
 garbage-first heap   total 76800K, used 26550K [0x0000000081e00000, 0x0000000100000000)
  region size 1024K, 5 young (5120K), 4 survivors (4096K)
 Metaspace       used 44001K, committed 44480K, reserved 1089536K
  class space    used 6308K, committed 6528K, reserved 1048576K
}
Event: 6.403 GC heap after
{Heap after GC invocations=14 (full 0):
 garbage-first heap   total 76800K, used 25528K [0x0000000081e00000, 0x0000000100000000)
  region size 1024K, 1 young (1024K), 1 survivors (1024K)
 Metaspace       used 44001K, committed 44480K, reserved 1089536K
  class space    used 6308K, committed 6528K, reserved 1048576K
}
Event: 7.057 GC heap before
{Heap before GC invocations=14 (full 0):
 garbage-first heap   total 76800K, used 59320K [0x0000000081e00000, 0x0000000100000000)
  region size 1024K, 34 young (34816K), 1 survivors (1024K)
 Metaspace       used 51755K, committed 52224K, reserved 1097728K
  class space    used 7568K, committed 7808K, reserved 1048576K
}
Event: 7.059 GC heap after
{Heap after GC invocations=15 (full 0):
 garbage-first heap   total 76800K, used 26372K [0x0000000081e00000, 0x0000000100000000)
  region size 1024K, 2 young (2048K), 2 survivors (2048K)
 Metaspace       used 51755K, committed 52224K, reserved 1097728K
  class space    used 7568K, committed 7808K, reserved 1048576K
}
Event: 7.732 GC heap before
{Heap before GC invocations=15 (full 0):
 garbage-first heap   total 76800K, used 60164K [0x0000000081e00000, 0x0000000100000000)
  region size 1024K, 35 young (35840K), 2 survivors (2048K)
 Metaspace       used 57711K, committed 58240K, reserved 1105920K
  class space    used 8433K, committed 8704K, reserved 1048576K
}
Event: 7.736 GC heap after
{Heap after GC invocations=16 (full 0):
 garbage-first heap   total 76800K, used 28301K [0x0000000081e00000, 0x0000000100000000)
  region size 1024K, 4 young (4096K), 4 survivors (4096K)
 Metaspace       used 57711K, committed 58240K, reserved 1105920K
  class space    used 8433K, committed 8704K, reserved 1048576K
}
Event: 8.014 GC heap before
{Heap before GC invocations=16 (full 0):
 garbage-first heap   total 76800K, used 60045K [0x0000000081e00000, 0x0000000100000000)
  region size 1024K, 35 young (35840K), 4 survivors (4096K)
 Metaspace       used 59457K, committed 60032K, reserved 1105920K
  class space    used 8705K, committed 8960K, reserved 1048576K
}
Event: 8.018 GC heap after
{Heap after GC invocations=17 (full 0):
 garbage-first heap   total 76800K, used 29776K [0x0000000081e00000, 0x0000000100000000)
  region size 1024K, 4 young (4096K), 4 survivors (4096K)
 Metaspace       used 59457K, committed 60032K, reserved 1105920K
  class space    used 8705K, committed 8960K, reserved 1048576K
}
Event: 8.105 GC heap before
{Heap before GC invocations=17 (full 0):
 garbage-first heap   total 76800K, used 40016K [0x0000000081e00000, 0x0000000100000000)
  region size 1024K, 15 young (15360K), 4 survivors (4096K)
 Metaspace       used 60130K, committed 60608K, reserved 1105920K
  class space    used 8803K, committed 9024K, reserved 1048576K
}
Event: 8.109 GC heap after
{Heap after GC invocations=18 (full 0):
 garbage-first heap   total 76800K, used 30249K [0x0000000081e00000, 0x0000000100000000)
  region size 1024K, 2 young (2048K), 2 survivors (2048K)
 Metaspace       used 60130K, committed 60608K, reserved 1105920K
  class space    used 8803K, committed 9024K, reserved 1048576K
}
Event: 8.448 GC heap before
{Heap before GC invocations=19 (full 0):
 garbage-first heap   total 76800K, used 60969K [0x0000000081e00000, 0x0000000100000000)
  region size 1024K, 33 young (33792K), 2 survivors (2048K)
 Metaspace       used 62958K, committed 63488K, reserved 1105920K
  class space    used 9477K, committed 9728K, reserved 1048576K
}

